#
# A fatal error has been detected by the Java Runtime Environment:
#
#  SIGBUS (0xa) at pc=0x000000011110318f, pid=53834, tid=8963
#
# JRE version: Java(TM) SE Runtime Environment (10.0.1+10) (build 10.0.1+10)
# Java VM: Java HotSpot(TM) 64-Bit Server VM (10.0.1+10, mixed mode, tiered, compressed oops, g1 gc, bsd-amd64)
# Problematic frame:
# j  aggregate.Aggregate.performAggregate([[Ljava/lang/String;Ljava/lang/String;[Ljava/lang/String;)Ljava/util/ArrayList;+3515
#
# No core dump will be written. Core dumps have been disabled. To enable core dumping, try "ulimit -c unlimited" before starting Java again
#
# If you would like to submit a bug report, please visit:
#   http://bugreport.java.com/bugreport/crash.jsp
#

---------------  S U M M A R Y ------------

Command Line: -agentlib:jdwp=transport=dt_socket,address=127.0.0.1:59721,suspend=y,server=n -javaagent:/Users/stevehof/Library/Caches/IntelliJIdea2017.3/captureAgent/debugger-agent.jar=/private/var/folders/h4/24tdlsy17x9gvmg88ybhjclw0000gn/T/capture.props -Dfile.encoding=UTF-8 aggregate.Aggregate count_distinct grade data/table_of_grades.csv id course_subject course_num

Host: MacBookPro12,1 x86_64 2700 MHz, 4 cores, 8G, Darwin 17.5.0
Time: Sat Jun 16 16:44:02 2018 PDT elapsed time: 4698 seconds (0d 1h 18m 18s)

---------------  T H R E A D  ---------------

Current thread (0x00007fc312808000):  JavaThread "main" [_thread_in_Java, id=8963, stack(0x0000000102828000,0x0000000102928000)]

Stack: [0x0000000102828000,0x0000000102928000],  sp=0x00000001029277f8,  free space=1021k
Native frames: (J=compiled Java code, A=aot compiled Java code, j=interpreted, Vv=VM code, C=native code)
j  aggregate.Aggregate.performAggregate([[Ljava/lang/String;Ljava/lang/String;[Ljava/lang/String;)Ljava/util/ArrayList;+3515
j  aggregate.Aggregate.main([Ljava/lang/String;)V+360
v  ~StubRoutines::call_stub
V  [libjvm.dylib+0x3d8c3e]  JavaCalls::call_helper(JavaValue*, methodHandle const&, JavaCallArguments*, Thread*)+0x216
V  [libjvm.dylib+0x41859d]  jni_invoke_static(JNIEnv_*, JavaValue*, _jobject*, JNICallType, _jmethodID*, JNI_ArgumentPusher*, Thread*)+0x12d
V  [libjvm.dylib+0x41ae3d]  jni_CallStaticVoidMethod+0x183
C  [java+0x5034]  JavaMain+0xb9f
C  [libsystem_pthread.dylib+0x3661]  _pthread_body+0x154
C  [libsystem_pthread.dylib+0x350d]  _pthread_body+0x0
C  [libsystem_pthread.dylib+0x2bf9]  thread_start+0xd
C  0x0000000000000000


siginfo: si_signo: 10 (SIGBUS), si_code: 2 (BUS_ADRERR), si_addr: 0x000000012674dfd8

Register to memory mapping:

RAX=0x0000000747c56598 is an oop
java.util.ArrayList 
{0x0000000747c56598} - klass: 'java/util/ArrayList'
RBX=0x00000000000000b6 is an unknown value
RCX=0x000000012654dfd0 is pointing into metadata
RDX=0x000000000003fffc is an unknown value
RSP=0x00000001029277f8 is pointing into the stack for thread: 0x00007fc312808000
RBP=0x00000001029278d8 is pointing into the stack for thread: 0x00007fc312808000
RSI=0x0000000747c570b8 is an oop
java.util.ArrayList 
{0x0000000747c570b8} - klass: 'java/util/ArrayList'
RDI=0x0000000000000000 is an unknown value
R8 =0x0000000000000001 is an unknown value
R9 =0x0000000000000028 is an unknown value
R10=0x0000000103bc52e0: _ZN19TemplateInterpreter13_active_tableE+0x4800 in /Library/Java/JavaVirtualMachines/jdk-10.0.1.jdk/Contents/Home/lib/server/libjvm.dylib at 0x0000000103200000
R11=0x00000001116b3460 is at entry_point+32 in (nmethod*)0x00000001116b3210
R12=0x0000000000000000 is an unknown value
R13=0x000000012654e2bb is pointing into metadata
R14=0x0000000102927958 is pointing into the stack for thread: 0x00007fc312808000
R15=0x00007fc312808000 is a thread


Registers:
RAX=0x0000000747c56598, RBX=0x00000000000000b6, RCX=0x000000012654dfd0, RDX=0x000000000003fffc
RSP=0x00000001029277f8, RBP=0x00000001029278d8, RSI=0x0000000747c570b8, RDI=0x0000000000000000
R8 =0x0000000000000001, R9 =0x0000000000000028, R10=0x0000000103bc52e0, R11=0x00000001116b3460
R12=0x0000000000000000, R13=0x000000012654e2bb, R14=0x0000000102927958, R15=0x00007fc312808000
RIP=0x000000011110318f, EFLAGS=0x0000000000010206, ERR=0x0000000000000004
  TRAPNO=0x000000000000000e

Top of Stack: (sp=0x00000001029277f8)
0x00000001029277f8:   0000000747d8e648 0000000102927870
0x0000000102927808:   0000000147d8e648 0000000747c56598
0x0000000102927818:   0000000000000000 0000000747d98f00
0x0000000102927828:   0000000000000000 0000000047c56598
0x0000000102927838:   0000000047d8e648 0000000047d98f20
0x0000000102927848:   0000000047d98f20 0000000747d8e648
0x0000000102927858:   0000000000000000 0000000000000000
0x0000000102927868:   0000000000000000 0000000747d990b0
0x0000000102927878:   0000000700000003 0000000700000003
0x0000000102927888:   0000000747c6ce98 0000000102927890
0x0000000102927898:   000000012654e2bb 0000000102927958
0x00000001029278a8:   000000012654dfd0 0000000000000000
0x00000001029278b8:   0000000747d8bf78 000000012654d7b0
0x00000001029278c8:   0000000000000000 0000000102927948
0x00000001029278d8:   00000001029279a8 00000001110e5b88
0x00000001029278e8:   0000000000000000 0000000700000003
0x00000001029278f8:   0000000747c6ce78 0000000000000003
0x0000000102927908:   0000000747c570b8 0000000747c579b0
0x0000000102927918:   0000000000000001 0000000747c57998
0x0000000102927928:   0000000747c56ff8 0000000747c56940
0x0000000102927938:   0000000747c567a0 0000000747c56598
0x0000000102927948:   0000000747d98f00 0000000747d8e648
0x0000000102927958:   0000000747d98f20 0000000102927960
0x0000000102927968:   000000012654da28 0000000102927a28
0x0000000102927978:   000000012654dfd0 0000000000000000
0x0000000102927988:   0000000747d8bf78 000000012654dbb0
0x0000000102927998:   0000000102927948 0000000102927a28
0x00000001029279a8:   0000000102927a90 00000001110dab49
0x00000001029279b8:   0000000000000000 0000000000000000
0x00000001029279c8:   0000000747d98f20 0000000747d98f00
0x00000001029279d8:   0000000747d98cd0 0000000747d97238
0x00000001029279e8:   0000000000000000 0000000747d971d8 

Instructions: (pc=0x000000011110318f)
0x000000011110316f:   00 00 00 00 00 4c 89 54 24 08 e9 01 00 00 00 50
0x000000011110317f:   4c 89 6d c0 41 0f b7 55 01 48 8b 4d d0 c1 e2 02
0x000000011110318f:   8b 5c d1 28 c1 eb 18 81 e3 ff 00 00 00 81 fb b6
0x000000011110319f:   00 00 00 0f 84 3f 01 00 00 bb b6 00 00 00 e8 05 

invokevirtual  182 invokevirtual  [0x0000000111103140, 0x00000001111036c0]  1408 bytes

---------------  P R O C E S S  ---------------

Threads class SMR info:
_java_thread_list=0x00007fc311459070, length=11, elements={
0x00007fc312808000, 0x00007fc312805800, 0x00007fc313026000, 0x00007fc313025000,
0x00007fc313028000, 0x00007fc31302b000, 0x00007fc313042000, 0x00007fc312865000,
0x00007fc311864800, 0x00007fc312091800, 0x00007fc313086000
}

Java Threads: ( => current thread )
=>0x00007fc312808000 JavaThread "main" [_thread_in_Java, id=8963, stack(0x0000000102828000,0x0000000102928000)]
  0x00007fc312805800 JavaThread "Reference Handler" daemon [_thread_blocked, id=16643, stack(0x000070000e2d5000,0x000070000e3d5000)]
  0x00007fc313026000 JavaThread "Finalizer" daemon [_thread_blocked, id=16387, stack(0x000070000e3d8000,0x000070000e4d8000)]
  0x00007fc313025000 JavaThread "Signal Dispatcher" daemon [_thread_blocked, id=42243, stack(0x000070000e4db000,0x000070000e5db000)]
  0x00007fc313028000 JavaThread "C2 CompilerThread0" daemon [_thread_blocked, id=22019, stack(0x000070000e5de000,0x000070000e6de000)]
  0x00007fc31302b000 JavaThread "C2 CompilerThread1" daemon [_thread_blocked, id=40963, stack(0x000070000e6e1000,0x000070000e7e1000)]
  0x00007fc313042000 JavaThread "C1 CompilerThread2" daemon [_thread_blocked, id=40451, stack(0x000070000e7e4000,0x000070000e8e4000)]
  0x00007fc312865000 JavaThread "Sweeper thread" daemon [_thread_blocked, id=23043, stack(0x000070000e8e7000,0x000070000e9e7000)]
  0x00007fc311864800 JavaThread "JDWP Event Helper Thread" daemon [_thread_blocked, id=39427, stack(0x000070000eaed000,0x000070000ebed000)]
  0x00007fc312091800 JavaThread "Common-Cleaner" daemon [_thread_blocked, id=38403, stack(0x000070000ecf3000,0x000070000edf3000)]
  0x00007fc313086000 JavaThread "Service Thread" daemon [_thread_blocked, id=24579, stack(0x000070000edf6000,0x000070000eef6000)]

Other Threads:
  0x00007fc311815000 VMThread "VM Thread" [stack: 0x000070000e1d2000,0x000070000e2d2000] [id=17155]
  0x00007fc3129af000 WatcherThread [stack: 0x000070000eef9000,0x000070000eff9000] [id=24835]
  0x00007fc313006000 GCTaskThread "GC Thread#0" [stack: 0x000070000d6b1000,0x000070000d7b1000] [id=20995]
  0x00007fc313007000 GCTaskThread "GC Thread#1" [stack: 0x000070000d7b4000,0x000070000d8b4000] [id=20739]
  0x00007fc313007800 GCTaskThread "GC Thread#2" [stack: 0x000070000d8b7000,0x000070000d9b7000] [id=20483]
  0x00007fc313008800 GCTaskThread "GC Thread#3" [stack: 0x000070000d9ba000,0x000070000daba000] [id=20227]
  0x00007fc31283f000 ConcurrentGCThread "G1 Main Marker" [stack: 0x000070000dabd000,0x000070000dbbd000] [id=12035]
  0x00007fc312840000 ConcurrentGCThread "G1 Conc#0" [stack: 0x000070000dbc0000,0x000070000dcc0000] [id=12291]
  0x00007fc311857000 ConcurrentGCThread "G1 Refine#0" [stack: 0x000070000dcc3000,0x000070000ddc3000] [id=18691]
  0x00007fc312840800 ConcurrentGCThread "G1 Refine#1" [stack: 0x000070000ddc6000,0x000070000dec6000] [id=18179]
  0x00007fc312841800 ConcurrentGCThread "G1 Refine#2" [stack: 0x000070000dec9000,0x000070000dfc9000] [id=17923]
  0x00007fc312842000 ConcurrentGCThread "G1 Refine#3" [stack: 0x000070000dfcc000,0x000070000e0cc000] [id=12803]
  0x00007fc312843000 ConcurrentGCThread "G1 Young RemSet Sampling" [stack: 0x000070000e0cf000,0x000070000e1cf000] [id=17411]

Threads with active compile tasks:

VM state:not at safepoint (normal execution)

VM Mutex/Monitor currently owned by a thread: None

Heap address: 0x0000000740000000, size: 2048 MB, Compressed Oops mode: Zero based, Oop shift amount: 3
Narrow klass base: 0x0000000000000000, Narrow klass shift: 3
Compressed class space size: 1073741824 Address: 0x00000007c0000000

Heap:
 garbage-first heap   total 131072K, used 3072K [0x0000000740000000, 0x00000007c0000000)
  region size 1024K, 4 young (4096K), 0 survivors (0K)
 Metaspace       used 6160K, capacity 6331K, committed 6528K, reserved 1056768K
  class space    used 488K, capacity 536K, committed 640K, reserved 1048576K
Heap Regions: E=young(eden), S=young(survivor), O=old, HS=humongous(starts), HC=humongous(continues), CS=collection set, F=free, A=archive, TS=gc time stamp, AC=allocation context, TAMS=top-at-mark-start (previous, next)
|   0|0x0000000740000000, 0x0000000740000000, 0x0000000740100000|  0%| F|  |TS  0|AC  0|TAMS 0x0000000740000000, 0x0000000740000000|
|   1|0x0000000740100000, 0x0000000740100000, 0x0000000740200000|  0%| F|  |TS  0|AC  0|TAMS 0x0000000740100000, 0x0000000740100000|
|   2|0x0000000740200000, 0x0000000740200000, 0x0000000740300000|  0%| F|  |TS  0|AC  0|TAMS 0x0000000740200000, 0x0000000740200000|
|   3|0x0000000740300000, 0x0000000740300000, 0x0000000740400000|  0%| F|  |TS  0|AC  0|TAMS 0x0000000740300000, 0x0000000740300000|
|   4|0x0000000740400000, 0x0000000740400000, 0x0000000740500000|  0%| F|  |TS  0|AC  0|TAMS 0x0000000740400000, 0x0000000740400000|
|   5|0x0000000740500000, 0x0000000740500000, 0x0000000740600000|  0%| F|  |TS  0|AC  0|TAMS 0x0000000740500000, 0x0000000740500000|
|   6|0x0000000740600000, 0x0000000740600000, 0x0000000740700000|  0%| F|  |TS  0|AC  0|TAMS 0x0000000740600000, 0x0000000740600000|
|   7|0x0000000740700000, 0x0000000740700000, 0x0000000740800000|  0%| F|  |TS  0|AC  0|TAMS 0x0000000740700000, 0x0000000740700000|
|   8|0x0000000740800000, 0x0000000740800000, 0x0000000740900000|  0%| F|  |TS  0|AC  0|TAMS 0x0000000740800000, 0x0000000740800000|
|   9|0x0000000740900000, 0x0000000740900000, 0x0000000740a00000|  0%| F|  |TS  0|AC  0|TAMS 0x0000000740900000, 0x0000000740900000|
|  10|0x0000000740a00000, 0x0000000740a00000, 0x0000000740b00000|  0%| F|  |TS  0|AC  0|TAMS 0x0000000740a00000, 0x0000000740a00000|
|  11|0x0000000740b00000, 0x0000000740b00000, 0x0000000740c00000|  0%| F|  |TS  0|AC  0|TAMS 0x0000000740b00000, 0x0000000740b00000|
|  12|0x0000000740c00000, 0x0000000740c00000, 0x0000000740d00000|  0%| F|  |TS  0|AC  0|TAMS 0x0000000740c00000, 0x0000000740c00000|
|  13|0x0000000740d00000, 0x0000000740d00000, 0x0000000740e00000|  0%| F|  |TS  0|AC  0|TAMS 0x0000000740d00000, 0x0000000740d00000|
|  14|0x0000000740e00000, 0x0000000740e00000, 0x0000000740f00000|  0%| F|  |TS  0|AC  0|TAMS 0x0000000740e00000, 0x0000000740e00000|
|  15|0x0000000740f00000, 0x0000000740f00000, 0x0000000741000000|  0%| F|  |TS  0|AC  0|TAMS 0x0000000740f00000, 0x0000000740f00000|
|  16|0x0000000741000000, 0x0000000741000000, 0x0000000741100000|  0%| F|  |TS  0|AC  0|TAMS 0x0000000741000000, 0x0000000741000000|
|  17|0x0000000741100000, 0x0000000741100000, 0x0000000741200000|  0%| F|  |TS  0|AC  0|TAMS 0x0000000741100000, 0x0000000741100000|
|  18|0x0000000741200000, 0x0000000741200000, 0x0000000741300000|  0%| F|  |TS  0|AC  0|TAMS 0x0000000741200000, 0x0000000741200000|
|  19|0x0000000741300000, 0x0000000741300000, 0x0000000741400000|  0%| F|  |TS  0|AC  0|TAMS 0x0000000741300000, 0x0000000741300000|
|  20|0x0000000741400000, 0x0000000741400000, 0x0000000741500000|  0%| F|  |TS  0|AC  0|TAMS 0x0000000741400000, 0x0000000741400000|
|  21|0x0000000741500000, 0x0000000741500000, 0x0000000741600000|  0%| F|  |TS  0|AC  0|TAMS 0x0000000741500000, 0x0000000741500000|
|  22|0x0000000741600000, 0x0000000741600000, 0x0000000741700000|  0%| F|  |TS  0|AC  0|TAMS 0x0000000741600000, 0x0000000741600000|
|  23|0x0000000741700000, 0x0000000741700000, 0x0000000741800000|  0%| F|  |TS  0|AC  0|TAMS 0x0000000741700000, 0x0000000741700000|
|  24|0x0000000741800000, 0x0000000741800000, 0x0000000741900000|  0%| F|  |TS  0|AC  0|TAMS 0x0000000741800000, 0x0000000741800000|
|  25|0x0000000741900000, 0x0000000741900000, 0x0000000741a00000|  0%| F|  |TS  0|AC  0|TAMS 0x0000000741900000, 0x0000000741900000|
|  26|0x0000000741a00000, 0x0000000741a00000, 0x0000000741b00000|  0%| F|  |TS  0|AC  0|TAMS 0x0000000741a00000, 0x0000000741a00000|
|  27|0x0000000741b00000, 0x0000000741b00000, 0x0000000741c00000|  0%| F|  |TS  0|AC  0|TAMS 0x0000000741b00000, 0x0000000741b00000|
|  28|0x0000000741c00000, 0x0000000741c00000, 0x0000000741d00000|  0%| F|  |TS  0|AC  0|TAMS 0x0000000741c00000, 0x0000000741c00000|
|  29|0x0000000741d00000, 0x0000000741d00000, 0x0000000741e00000|  0%| F|  |TS  0|AC  0|TAMS 0x0000000741d00000, 0x0000000741d00000|
|  30|0x0000000741e00000, 0x0000000741e00000, 0x0000000741f00000|  0%| F|  |TS  0|AC  0|TAMS 0x0000000741e00000, 0x0000000741e00000|
|  31|0x0000000741f00000, 0x0000000741f00000, 0x0000000742000000|  0%| F|  |TS  0|AC  0|TAMS 0x0000000741f00000, 0x0000000741f00000|
|  32|0x0000000742000000, 0x0000000742000000, 0x0000000742100000|  0%| F|  |TS  0|AC  0|TAMS 0x0000000742000000, 0x0000000742000000|
|  33|0x0000000742100000, 0x0000000742100000, 0x0000000742200000|  0%| F|  |TS  0|AC  0|TAMS 0x0000000742100000, 0x0000000742100000|
|  34|0x0000000742200000, 0x0000000742200000, 0x0000000742300000|  0%| F|  |TS  0|AC  0|TAMS 0x0000000742200000, 0x0000000742200000|
|  35|0x0000000742300000, 0x0000000742300000, 0x0000000742400000|  0%| F|  |TS  0|AC  0|TAMS 0x0000000742300000, 0x0000000742300000|
|  36|0x0000000742400000, 0x0000000742400000, 0x0000000742500000|  0%| F|  |TS  0|AC  0|TAMS 0x0000000742400000, 0x0000000742400000|
|  37|0x0000000742500000, 0x0000000742500000, 0x0000000742600000|  0%| F|  |TS  0|AC  0|TAMS 0x0000000742500000, 0x0000000742500000|
|  38|0x0000000742600000, 0x0000000742600000, 0x0000000742700000|  0%| F|  |TS  0|AC  0|TAMS 0x0000000742600000, 0x0000000742600000|
|  39|0x0000000742700000, 0x0000000742700000, 0x0000000742800000|  0%| F|  |TS  0|AC  0|TAMS 0x0000000742700000, 0x0000000742700000|
|  40|0x0000000742800000, 0x0000000742800000, 0x0000000742900000|  0%| F|  |TS  0|AC  0|TAMS 0x0000000742800000, 0x0000000742800000|
|  41|0x0000000742900000, 0x0000000742900000, 0x0000000742a00000|  0%| F|  |TS  0|AC  0|TAMS 0x0000000742900000, 0x0000000742900000|
|  42|0x0000000742a00000, 0x0000000742a00000, 0x0000000742b00000|  0%| F|  |TS  0|AC  0|TAMS 0x0000000742a00000, 0x0000000742a00000|
|  43|0x0000000742b00000, 0x0000000742b00000, 0x0000000742c00000|  0%| F|  |TS  0|AC  0|TAMS 0x0000000742b00000, 0x0000000742b00000|
|  44|0x0000000742c00000, 0x0000000742c00000, 0x0000000742d00000|  0%| F|  |TS  0|AC  0|TAMS 0x0000000742c00000, 0x0000000742c00000|
|  45|0x0000000742d00000, 0x0000000742d00000, 0x0000000742e00000|  0%| F|  |TS  0|AC  0|TAMS 0x0000000742d00000, 0x0000000742d00000|
|  46|0x0000000742e00000, 0x0000000742e00000, 0x0000000742f00000|  0%| F|  |TS  0|AC  0|TAMS 0x0000000742e00000, 0x0000000742e00000|
|  47|0x0000000742f00000, 0x0000000742f00000, 0x0000000743000000|  0%| F|  |TS  0|AC  0|TAMS 0x0000000742f00000, 0x0000000742f00000|
|  48|0x0000000743000000, 0x0000000743000000, 0x0000000743100000|  0%| F|  |TS  0|AC  0|TAMS 0x0000000743000000, 0x0000000743000000|
|  49|0x0000000743100000, 0x0000000743100000, 0x0000000743200000|  0%| F|  |TS  0|AC  0|TAMS 0x0000000743100000, 0x0000000743100000|
|  50|0x0000000743200000, 0x0000000743200000, 0x0000000743300000|  0%| F|  |TS  0|AC  0|TAMS 0x0000000743200000, 0x0000000743200000|
|  51|0x0000000743300000, 0x0000000743300000, 0x0000000743400000|  0%| F|  |TS  0|AC  0|TAMS 0x0000000743300000, 0x0000000743300000|
|  52|0x0000000743400000, 0x0000000743400000, 0x0000000743500000|  0%| F|  |TS  0|AC  0|TAMS 0x0000000743400000, 0x0000000743400000|
|  53|0x0000000743500000, 0x0000000743500000, 0x0000000743600000|  0%| F|  |TS  0|AC  0|TAMS 0x0000000743500000, 0x0000000743500000|
|  54|0x0000000743600000, 0x0000000743600000, 0x0000000743700000|  0%| F|  |TS  0|AC  0|TAMS 0x0000000743600000, 0x0000000743600000|
|  55|0x0000000743700000, 0x0000000743700000, 0x0000000743800000|  0%| F|  |TS  0|AC  0|TAMS 0x0000000743700000, 0x0000000743700000|
|  56|0x0000000743800000, 0x0000000743800000, 0x0000000743900000|  0%| F|  |TS  0|AC  0|TAMS 0x0000000743800000, 0x0000000743800000|
|  57|0x0000000743900000, 0x0000000743900000, 0x0000000743a00000|  0%| F|  |TS  0|AC  0|TAMS 0x0000000743900000, 0x0000000743900000|
|  58|0x0000000743a00000, 0x0000000743a00000, 0x0000000743b00000|  0%| F|  |TS  0|AC  0|TAMS 0x0000000743a00000, 0x0000000743a00000|
|  59|0x0000000743b00000, 0x0000000743b00000, 0x0000000743c00000|  0%| F|  |TS  0|AC  0|TAMS 0x0000000743b00000, 0x0000000743b00000|
|  60|0x0000000743c00000, 0x0000000743c00000, 0x0000000743d00000|  0%| F|  |TS  0|AC  0|TAMS 0x0000000743c00000, 0x0000000743c00000|
|  61|0x0000000743d00000, 0x0000000743d00000, 0x0000000743e00000|  0%| F|  |TS  0|AC  0|TAMS 0x0000000743d00000, 0x0000000743d00000|
|  62|0x0000000743e00000, 0x0000000743e00000, 0x0000000743f00000|  0%| F|  |TS  0|AC  0|TAMS 0x0000000743e00000, 0x0000000743e00000|
|  63|0x0000000743f00000, 0x0000000743f00000, 0x0000000744000000|  0%| F|  |TS  0|AC  0|TAMS 0x0000000743f00000, 0x0000000743f00000|
|  64|0x0000000744000000, 0x0000000744000000, 0x0000000744100000|  0%| F|  |TS  0|AC  0|TAMS 0x0000000744000000, 0x0000000744000000|
|  65|0x0000000744100000, 0x0000000744100000, 0x0000000744200000|  0%| F|  |TS  0|AC  0|TAMS 0x0000000744100000, 0x0000000744100000|
|  66|0x0000000744200000, 0x0000000744200000, 0x0000000744300000|  0%| F|  |TS  0|AC  0|TAMS 0x0000000744200000, 0x0000000744200000|
|  67|0x0000000744300000, 0x0000000744300000, 0x0000000744400000|  0%| F|  |TS  0|AC  0|TAMS 0x0000000744300000, 0x0000000744300000|
|  68|0x0000000744400000, 0x0000000744400000, 0x0000000744500000|  0%| F|  |TS  0|AC  0|TAMS 0x0000000744400000, 0x0000000744400000|
|  69|0x0000000744500000, 0x0000000744500000, 0x0000000744600000|  0%| F|  |TS  0|AC  0|TAMS 0x0000000744500000, 0x0000000744500000|
|  70|0x0000000744600000, 0x0000000744600000, 0x0000000744700000|  0%| F|  |TS  0|AC  0|TAMS 0x0000000744600000, 0x0000000744600000|
|  71|0x0000000744700000, 0x0000000744700000, 0x0000000744800000|  0%| F|  |TS  0|AC  0|TAMS 0x0000000744700000, 0x0000000744700000|
|  72|0x0000000744800000, 0x0000000744800000, 0x0000000744900000|  0%| F|  |TS  0|AC  0|TAMS 0x0000000744800000, 0x0000000744800000|
|  73|0x0000000744900000, 0x0000000744900000, 0x0000000744a00000|  0%| F|  |TS  0|AC  0|TAMS 0x0000000744900000, 0x0000000744900000|
|  74|0x0000000744a00000, 0x0000000744a00000, 0x0000000744b00000|  0%| F|  |TS  0|AC  0|TAMS 0x0000000744a00000, 0x0000000744a00000|
|  75|0x0000000744b00000, 0x0000000744b00000, 0x0000000744c00000|  0%| F|  |TS  0|AC  0|TAMS 0x0000000744b00000, 0x0000000744b00000|
|  76|0x0000000744c00000, 0x0000000744c00000, 0x0000000744d00000|  0%| F|  |TS  0|AC  0|TAMS 0x0000000744c00000, 0x0000000744c00000|
|  77|0x0000000744d00000, 0x0000000744d00000, 0x0000000744e00000|  0%| F|  |TS  0|AC  0|TAMS 0x0000000744d00000, 0x0000000744d00000|
|  78|0x0000000744e00000, 0x0000000744e00000, 0x0000000744f00000|  0%| F|  |TS  0|AC  0|TAMS 0x0000000744e00000, 0x0000000744e00000|
|  79|0x0000000744f00000, 0x0000000744f00000, 0x0000000745000000|  0%| F|  |TS  0|AC  0|TAMS 0x0000000744f00000, 0x0000000744f00000|
|  80|0x0000000745000000, 0x0000000745000000, 0x0000000745100000|  0%| F|  |TS  0|AC  0|TAMS 0x0000000745000000, 0x0000000745000000|
|  81|0x0000000745100000, 0x0000000745100000, 0x0000000745200000|  0%| F|  |TS  0|AC  0|TAMS 0x0000000745100000, 0x0000000745100000|
|  82|0x0000000745200000, 0x0000000745200000, 0x0000000745300000|  0%| F|  |TS  0|AC  0|TAMS 0x0000000745200000, 0x0000000745200000|
|  83|0x0000000745300000, 0x0000000745300000, 0x0000000745400000|  0%| F|  |TS  0|AC  0|TAMS 0x0000000745300000, 0x0000000745300000|
|  84|0x0000000745400000, 0x0000000745400000, 0x0000000745500000|  0%| F|  |TS  0|AC  0|TAMS 0x0000000745400000, 0x0000000745400000|
|  85|0x0000000745500000, 0x0000000745500000, 0x0000000745600000|  0%| F|  |TS  0|AC  0|TAMS 0x0000000745500000, 0x0000000745500000|
|  86|0x0000000745600000, 0x0000000745600000, 0x0000000745700000|  0%| F|  |TS  0|AC  0|TAMS 0x0000000745600000, 0x0000000745600000|
|  87|0x0000000745700000, 0x0000000745700000, 0x0000000745800000|  0%| F|  |TS  0|AC  0|TAMS 0x0000000745700000, 0x0000000745700000|
|  88|0x0000000745800000, 0x0000000745800000, 0x0000000745900000|  0%| F|  |TS  0|AC  0|TAMS 0x0000000745800000, 0x0000000745800000|
|  89|0x0000000745900000, 0x0000000745900000, 0x0000000745a00000|  0%| F|  |TS  0|AC  0|TAMS 0x0000000745900000, 0x0000000745900000|
|  90|0x0000000745a00000, 0x0000000745a00000, 0x0000000745b00000|  0%| F|  |TS  0|AC  0|TAMS 0x0000000745a00000, 0x0000000745a00000|
|  91|0x0000000745b00000, 0x0000000745b00000, 0x0000000745c00000|  0%| F|  |TS  0|AC  0|TAMS 0x0000000745b00000, 0x0000000745b00000|
|  92|0x0000000745c00000, 0x0000000745c00000, 0x0000000745d00000|  0%| F|  |TS  0|AC  0|TAMS 0x0000000745c00000, 0x0000000745c00000|
|  93|0x0000000745d00000, 0x0000000745d00000, 0x0000000745e00000|  0%| F|  |TS  0|AC  0|TAMS 0x0000000745d00000, 0x0000000745d00000|
|  94|0x0000000745e00000, 0x0000000745e00000, 0x0000000745f00000|  0%| F|  |TS  0|AC  0|TAMS 0x0000000745e00000, 0x0000000745e00000|
|  95|0x0000000745f00000, 0x0000000745f00000, 0x0000000746000000|  0%| F|  |TS  0|AC  0|TAMS 0x0000000745f00000, 0x0000000745f00000|
|  96|0x0000000746000000, 0x0000000746000000, 0x0000000746100000|  0%| F|  |TS  0|AC  0|TAMS 0x0000000746000000, 0x0000000746000000|
|  97|0x0000000746100000, 0x0000000746100000, 0x0000000746200000|  0%| F|  |TS  0|AC  0|TAMS 0x0000000746100000, 0x0000000746100000|
|  98|0x0000000746200000, 0x0000000746200000, 0x0000000746300000|  0%| F|  |TS  0|AC  0|TAMS 0x0000000746200000, 0x0000000746200000|
|  99|0x0000000746300000, 0x0000000746300000, 0x0000000746400000|  0%| F|  |TS  0|AC  0|TAMS 0x0000000746300000, 0x0000000746300000|
| 100|0x0000000746400000, 0x0000000746400000, 0x0000000746500000|  0%| F|  |TS  0|AC  0|TAMS 0x0000000746400000, 0x0000000746400000|
| 101|0x0000000746500000, 0x0000000746500000, 0x0000000746600000|  0%| F|  |TS  0|AC  0|TAMS 0x0000000746500000, 0x0000000746500000|
| 102|0x0000000746600000, 0x0000000746600000, 0x0000000746700000|  0%| F|  |TS  0|AC  0|TAMS 0x0000000746600000, 0x0000000746600000|
| 103|0x0000000746700000, 0x0000000746700000, 0x0000000746800000|  0%| F|  |TS  0|AC  0|TAMS 0x0000000746700000, 0x0000000746700000|
| 104|0x0000000746800000, 0x0000000746800000, 0x0000000746900000|  0%| F|  |TS  0|AC  0|TAMS 0x0000000746800000, 0x0000000746800000|
| 105|0x0000000746900000, 0x0000000746900000, 0x0000000746a00000|  0%| F|  |TS  0|AC  0|TAMS 0x0000000746900000, 0x0000000746900000|
| 106|0x0000000746a00000, 0x0000000746a00000, 0x0000000746b00000|  0%| F|  |TS  0|AC  0|TAMS 0x0000000746a00000, 0x0000000746a00000|
| 107|0x0000000746b00000, 0x0000000746b00000, 0x0000000746c00000|  0%| F|  |TS  0|AC  0|TAMS 0x0000000746b00000, 0x0000000746b00000|
| 108|0x0000000746c00000, 0x0000000746c00000, 0x0000000746d00000|  0%| F|  |TS  0|AC  0|TAMS 0x0000000746c00000, 0x0000000746c00000|
| 109|0x0000000746d00000, 0x0000000746d00000, 0x0000000746e00000|  0%| F|  |TS  0|AC  0|TAMS 0x0000000746d00000, 0x0000000746d00000|
| 110|0x0000000746e00000, 0x0000000746e00000, 0x0000000746f00000|  0%| F|  |TS  0|AC  0|TAMS 0x0000000746e00000, 0x0000000746e00000|
| 111|0x0000000746f00000, 0x0000000746f00000, 0x0000000747000000|  0%| F|  |TS  0|AC  0|TAMS 0x0000000746f00000, 0x0000000746f00000|
| 112|0x0000000747000000, 0x0000000747000000, 0x0000000747100000|  0%| F|  |TS  0|AC  0|TAMS 0x0000000747000000, 0x0000000747000000|
| 113|0x0000000747100000, 0x0000000747100000, 0x0000000747200000|  0%| F|  |TS  0|AC  0|TAMS 0x0000000747100000, 0x0000000747100000|
| 114|0x0000000747200000, 0x0000000747200000, 0x0000000747300000|  0%| F|  |TS  0|AC  0|TAMS 0x0000000747200000, 0x0000000747200000|
| 115|0x0000000747300000, 0x0000000747300000, 0x0000000747400000|  0%| F|  |TS  0|AC  0|TAMS 0x0000000747300000, 0x0000000747300000|
| 116|0x0000000747400000, 0x0000000747400000, 0x0000000747500000|  0%| F|  |TS  0|AC  0|TAMS 0x0000000747400000, 0x0000000747400000|
| 117|0x0000000747500000, 0x0000000747500000, 0x0000000747600000|  0%| F|  |TS  0|AC  0|TAMS 0x0000000747500000, 0x0000000747500000|
| 118|0x0000000747600000, 0x0000000747600000, 0x0000000747700000|  0%| F|  |TS  0|AC  0|TAMS 0x0000000747600000, 0x0000000747600000|
| 119|0x0000000747700000, 0x0000000747700000, 0x0000000747800000|  0%| F|  |TS  0|AC  0|TAMS 0x0000000747700000, 0x0000000747700000|
| 120|0x0000000747800000, 0x0000000747800000, 0x0000000747900000|  0%| F|  |TS  0|AC  0|TAMS 0x0000000747800000, 0x0000000747800000|
| 121|0x0000000747900000, 0x0000000747900000, 0x0000000747a00000|  0%| F|  |TS  0|AC  0|TAMS 0x0000000747900000, 0x0000000747900000|
| 122|0x0000000747a00000, 0x0000000747a00000, 0x0000000747b00000|  0%| F|  |TS  0|AC  0|TAMS 0x0000000747a00000, 0x0000000747a00000|
| 123|0x0000000747b00000, 0x0000000747b00000, 0x0000000747c00000|  0%| F|  |TS  0|AC  0|TAMS 0x0000000747b00000, 0x0000000747b00000|
| 124|0x0000000747c00000, 0x0000000747c94898, 0x0000000747d00000| 58%| E|  |TS  0|AC  0|TAMS 0x0000000747c00000, 0x0000000747c00000|
| 125|0x0000000747d00000, 0x0000000747e00000, 0x0000000747e00000|100%| E|CS|TS  0|AC  0|TAMS 0x0000000747d00000, 0x0000000747d00000|
| 126|0x0000000747e00000, 0x0000000747f00000, 0x0000000747f00000|100%| E|CS|TS  0|AC  0|TAMS 0x0000000747e00000, 0x0000000747e00000|
| 127|0x0000000747f00000, 0x0000000748000000, 0x0000000748000000|100%| E|CS|TS  0|AC  0|TAMS 0x0000000747f00000, 0x0000000747f00000|

Card table byte_map: [0x000000010fccc000,0x00000001100cc000] byte_map_base: 0x000000010c2cc000

Marking Bits (Prev, Next): (CMBitMap*) 0x00007fc31283e660, (CMBitMap*) 0x00007fc31283e698
 Prev Bits: [0x00000001200da000, 0x00000001220da000)
 Next Bits: [0x00000001220da000, 0x00000001240da000)

Polling page: 0x000000010296c000

CodeHeap 'non-profiled nmethods': size=120032Kb used=90Kb max_used=90Kb free=119941Kb
 bounds [0x0000000118ba2000, 0x0000000118e12000, 0x00000001200da000]
CodeHeap 'profiled nmethods': size=120032Kb used=301Kb max_used=301Kb free=119730Kb
 bounds [0x000000011166a000, 0x00000001118da000, 0x0000000118ba2000]
CodeHeap 'non-nmethods': size=5696Kb used=1096Kb max_used=1102Kb free=4599Kb
 bounds [0x00000001110da000, 0x000000011134a000, 0x000000011166a000]
 total_blobs=651 nmethods=244 adapters=245
 compilation: enabled

Compilation events (10 events):
Event: 0.476 Thread 0x00007fc313042000  240       3       java.util.ArrayList::elementData (7 bytes)
Event: 0.477 Thread 0x00007fc313042000 nmethod 240 0x00000001116b3f90 code [0x00000001116b4140, 0x00000001116b42d0]
Event: 0.477 Thread 0x00007fc313042000  241       1       java.util.ArrayList::access$000 (5 bytes)
Event: 0.477 Thread 0x00007fc313042000 nmethod 241 0x0000000118bb8710 code [0x0000000118bb88c0, 0x0000000118bb89b0]
Event: 4698.273 Thread 0x00007fc313042000  242       3       jdk.internal.math.FDBigInteger::mult (64 bytes)
Event: 4698.274 Thread 0x00007fc313042000 nmethod 242 0x00000001116b4390 code [0x00000001116b4560, 0x00000001116b47f0]
Event: 4698.274 Thread 0x00007fc313042000  243       3       jdk.internal.math.FDBigInteger::<init> (30 bytes)
Event: 4698.274 Thread 0x00007fc313042000 nmethod 243 0x00000001116b4a10 code [0x00000001116b4be0, 0x00000001116b4e48]
Event: 4698.274 Thread 0x00007fc313042000  244       3       jdk.internal.math.FDBigInteger::trimLeadingZeros (57 bytes)
Event: 4698.274 Thread 0x00007fc313042000 nmethod 244 0x00000001116b4f90 code [0x00000001116b5160, 0x00000001116b5490]

GC Heap History (0 events):
No events

Deoptimization events (1 events):
Event: 0.332 Thread 0x00007fc312808000 Uncommon trap: reason=unstable_if action=reinterpret pc=0x0000000118ba5204 method=java.lang.String.hashCode()I @ 14 c2

Classes redefined (3 events):
Event: 1323.354 Thread 0x00007fc311815000 redefined class name=aggregate.Aggregate, count=1
Event: 1440.368 Thread 0x00007fc311815000 redefined class name=aggregate.Aggregate, count=2
Event: 1624.585 Thread 0x00007fc311815000 redefined class name=aggregate.Aggregate, count=3

Internal exceptions (1 events):
Event: 0.445 Thread 0x00007fc312808000 Exception <a 'java/lang/NoSuchMethodError'{0x0000000747dd45f0}: method resolution failed> (0x0000000747dd45f0) thrown at [/scratch/mesos/slaves/555f5737-a945-4eb0-8d30-afb1fc816afd-S70/frameworks/1735e8a2-a1db-478c-8104-60c8b0af87dd-0196/executors/5e9592f

Events (10 events):
Event: 4698.271 loading class jdk/internal/math/FloatingDecimal$BinaryToASCIIBuffer
Event: 4698.271 loading class jdk/internal/math/FloatingDecimal$BinaryToASCIIBuffer done
Event: 4698.271 loading class jdk/internal/math/FloatingDecimal$1
Event: 4698.271 loading class jdk/internal/math/FloatingDecimal$1 done
Event: 4698.271 loading class jdk/internal/math/FloatingDecimal$PreparedASCIIToBinaryBuffer
Event: 4698.271 loading class jdk/internal/math/FloatingDecimal$ASCIIToBinaryConverter
Event: 4698.271 loading class jdk/internal/math/FloatingDecimal$ASCIIToBinaryConverter done
Event: 4698.271 loading class jdk/internal/math/FloatingDecimal$PreparedASCIIToBinaryBuffer done
Event: 4698.271 loading class jdk/internal/math/FDBigInteger
Event: 4698.272 loading class jdk/internal/math/FDBigInteger done


Dynamic libraries:
0x00007fff2e4f2000 	/System/Library/Frameworks/Cocoa.framework/Versions/A/Cocoa
0x00007fff3aac9000 	/System/Library/Frameworks/Security.framework/Versions/A/Security
0x00007fff2d136000 	/System/Library/Frameworks/ApplicationServices.framework/Versions/A/ApplicationServices
0x00007fff56e2a000 	/usr/lib/libz.1.dylib
0x00007fff54d65000 	/usr/lib/libSystem.B.dylib
0x00007fff2eca7000 	/System/Library/Frameworks/CoreFoundation.framework/Versions/A/CoreFoundation
0x00007fff30dfb000 	/System/Library/Frameworks/Foundation.framework/Versions/C/Foundation
0x00007fff56414000 	/usr/lib/libobjc.A.dylib
0x00007fff2c286000 	/System/Library/Frameworks/AppKit.framework/Versions/C/AppKit
0x00007fff2e86a000 	/System/Library/Frameworks/CoreData.framework/Versions/A/CoreData
0x00007fff4e6b9000 	/System/Library/PrivateFrameworks/RemoteViewServices.framework/Versions/A/RemoteViewServices
0x00007fff52e0a000 	/System/Library/PrivateFrameworks/UIFoundation.framework/Versions/A/UIFoundation
0x00007fff4351b000 	/System/Library/PrivateFrameworks/DFRFoundation.framework/Versions/A/DFRFoundation
0x00007fff3343f000 	/System/Library/Frameworks/Metal.framework/Versions/A/Metal
0x00007fff436b8000 	/System/Library/PrivateFrameworks/DesktopServicesPriv.framework/Versions/A/DesktopServicesPriv
0x00007fff5596a000 	/usr/lib/libenergytrace.dylib
0x00007fff50e7f000 	/System/Library/PrivateFrameworks/SkyLight.framework/Versions/A/SkyLight
0x00007fff2f14a000 	/System/Library/Frameworks/CoreGraphics.framework/Versions/A/CoreGraphics
0x00007fff54d60000 	/usr/lib/libScreenReader.dylib
0x00007fff2b221000 	/System/Library/Frameworks/Accelerate.framework/Versions/A/Accelerate
0x00007fff31574000 	/System/Library/Frameworks/IOSurface.framework/Versions/A/IOSurface
0x00007fff2d680000 	/System/Library/Frameworks/AudioToolbox.framework/Versions/A/AudioToolbox
0x00007fff2d90f000 	/System/Library/Frameworks/AudioUnit.framework/Versions/A/AudioUnit
0x00007fff435b3000 	/System/Library/PrivateFrameworks/DataDetectorsCore.framework/Versions/A/DataDetectorsCore
0x00007fff2dfe5000 	/System/Library/Frameworks/Carbon.framework/Versions/A/Frameworks/HIToolbox.framework/Versions/A/HIToolbox
0x00007fff55ac4000 	/usr/lib/libicucore.A.dylib
0x00007fff3a04a000 	/System/Library/Frameworks/QuartzCore.framework/Versions/A/QuartzCore
0x00007fff50136000 	/System/Library/PrivateFrameworks/SignpostNotification.framework/Versions/A/SignpostNotification
0x00007fff2e3cb000 	/System/Library/Frameworks/Carbon.framework/Versions/A/Frameworks/SpeechRecognition.framework/Versions/A/SpeechRecognition
0x00007fff54ec1000 	/usr/lib/libauto.dylib
0x00007fff56d19000 	/usr/lib/libxml2.2.dylib
0x00007fff4316e000 	/System/Library/PrivateFrameworks/CoreUI.framework/Versions/A/CoreUI
0x00007fff2e746000 	/System/Library/Frameworks/CoreAudio.framework/Versions/A/CoreAudio
0x00007fff30c35000 	/System/Library/Frameworks/DiskArbitration.framework/Versions/A/DiskArbitration
0x00007fff55d38000 	/usr/lib/liblangid.dylib
0x00007fff4abc9000 	/System/Library/PrivateFrameworks/MultitouchSupport.framework/Versions/A/MultitouchSupport
0x00007fff314d7000 	/System/Library/Frameworks/IOKit.framework/Versions/A/IOKit
0x00007fff549ef000 	/usr/lib/libDiagnosticMessagesClient.dylib
0x00007fff2fe13000 	/System/Library/Frameworks/CoreServices.framework/Versions/A/CoreServices
0x00007fff4c6f7000 	/System/Library/PrivateFrameworks/PerformanceAnalysis.framework/Versions/A/PerformanceAnalysis
0x00007fff391ec000 	/System/Library/Frameworks/OpenGL.framework/Versions/A/OpenGL
0x00007fff2e500000 	/System/Library/Frameworks/ColorSync.framework/Versions/A/ColorSync
0x00007fff2f75c000 	/System/Library/Frameworks/CoreImage.framework/Versions/A/CoreImage
0x00007fff307a3000 	/System/Library/Frameworks/CoreText.framework/Versions/A/CoreText
0x00007fff315d2000 	/System/Library/Frameworks/ImageIO.framework/Versions/A/ImageIO
0x00007fff3f8b6000 	/System/Library/PrivateFrameworks/Backup.framework/Versions/A/Backup
0x00007fff54e11000 	/usr/lib/libarchive.2.dylib
0x00007fff2dc31000 	/System/Library/Frameworks/CFNetwork.framework/Versions/A/CFNetwork
0x00007fff3b259000 	/System/Library/Frameworks/SystemConfiguration.framework/Versions/A/SystemConfiguration
0x00007fff54918000 	/usr/lib/libCRFSuite.dylib
0x00007fff54f9a000 	/usr/lib/libc++.1.dylib
0x00007fff54ff1000 	/usr/lib/libc++abi.dylib
0x00007fff56ed8000 	/usr/lib/system/libcache.dylib
0x00007fff56edd000 	/usr/lib/system/libcommonCrypto.dylib
0x00007fff56ee8000 	/usr/lib/system/libcompiler_rt.dylib
0x00007fff56ef0000 	/usr/lib/system/libcopyfile.dylib
0x00007fff56efa000 	/usr/lib/system/libcorecrypto.dylib
0x00007fff57007000 	/usr/lib/system/libdispatch.dylib
0x00007fff57041000 	/usr/lib/system/libdyld.dylib
0x00007fff5705f000 	/usr/lib/system/libkeymgr.dylib
0x00007fff5706d000 	/usr/lib/system/liblaunch.dylib
0x00007fff5706e000 	/usr/lib/system/libmacho.dylib
0x00007fff57073000 	/usr/lib/system/libquarantine.dylib
0x00007fff57076000 	/usr/lib/system/libremovefile.dylib
0x00007fff57078000 	/usr/lib/system/libsystem_asl.dylib
0x00007fff57090000 	/usr/lib/system/libsystem_blocks.dylib
0x00007fff57091000 	/usr/lib/system/libsystem_c.dylib
0x00007fff5711b000 	/usr/lib/system/libsystem_configuration.dylib
0x00007fff5711f000 	/usr/lib/system/libsystem_coreservices.dylib
0x00007fff57123000 	/usr/lib/system/libsystem_darwin.dylib
0x00007fff57125000 	/usr/lib/system/libsystem_dnssd.dylib
0x00007fff5712c000 	/usr/lib/system/libsystem_info.dylib
0x00007fff5719d000 	/usr/lib/system/libsystem_m.dylib
0x00007fff571e9000 	/usr/lib/system/libsystem_malloc.dylib
0x00007fff57209000 	/usr/lib/system/libsystem_network.dylib
0x00007fff5733a000 	/usr/lib/system/libsystem_networkextension.dylib
0x00007fff57345000 	/usr/lib/system/libsystem_notify.dylib
0x00007fff57363000 	/usr/lib/system/libsystem_sandbox.dylib
0x00007fff57367000 	/usr/lib/system/libsystem_secinit.dylib
0x00007fff57176000 	/usr/lib/system/libsystem_kernel.dylib
0x00007fff5734f000 	/usr/lib/system/libsystem_platform.dylib
0x00007fff57357000 	/usr/lib/system/libsystem_pthread.dylib
0x00007fff57369000 	/usr/lib/system/libsystem_symptoms.dylib
0x00007fff57371000 	/usr/lib/system/libsystem_trace.dylib
0x00007fff57386000 	/usr/lib/system/libunwind.dylib
0x00007fff5738c000 	/usr/lib/system/libxpc.dylib
0x00007fff5482b000 	/usr/lib/closure/libclosured.dylib
0x00007fff54f7b000 	/usr/lib/libbsm.0.dylib
0x00007fff57060000 	/usr/lib/system/libkxld.dylib
0x00007fff54c29000 	/usr/lib/libOpenScriptingUtil.dylib
0x00007fff552e9000 	/usr/lib/libcoretls.dylib
0x00007fff55302000 	/usr/lib/libcoretls_cfhelpers.dylib
0x00007fff56815000 	/usr/lib/libpam.2.dylib
0x00007fff5693c000 	/usr/lib/libsqlite3.dylib
0x00007fff56d08000 	/usr/lib/libxar.1.dylib
0x00007fff54f8c000 	/usr/lib/libbz2.1.0.dylib
0x00007fff55d3a000 	/usr/lib/liblzma.5.dylib
0x00007fff5621b000 	/usr/lib/libnetwork.dylib
0x00007fff54dfa000 	/usr/lib/libapple_nghttp2.dylib
0x00007fff5681c000 	/usr/lib/libpcap.A.dylib
0x00007fff54ec2000 	/usr/lib/libboringssl.dylib
0x00007fff56ca3000 	/usr/lib/libusrtcp.dylib
0x00007fff54df9000 	/usr/lib/libapple_crypto.dylib
0x00007fff30196000 	/System/Library/Frameworks/CoreServices.framework/Versions/A/Frameworks/FSEvents.framework/Versions/A/FSEvents
0x00007fff2fe89000 	/System/Library/Frameworks/CoreServices.framework/Versions/A/Frameworks/CarbonCore.framework/Versions/A/CarbonCore
0x00007fff3035d000 	/System/Library/Frameworks/CoreServices.framework/Versions/A/Frameworks/Metadata.framework/Versions/A/Metadata
0x00007fff3040e000 	/System/Library/Frameworks/CoreServices.framework/Versions/A/Frameworks/OSServices.framework/Versions/A/OSServices
0x00007fff3046f000 	/System/Library/Frameworks/CoreServices.framework/Versions/A/Frameworks/SearchKit.framework/Versions/A/SearchKit
0x00007fff2fe14000 	/System/Library/Frameworks/CoreServices.framework/Versions/A/Frameworks/AE.framework/Versions/A/AE
0x00007fff3019f000 	/System/Library/Frameworks/CoreServices.framework/Versions/A/Frameworks/LaunchServices.framework/Versions/A/LaunchServices
0x00007fff30161000 	/System/Library/Frameworks/CoreServices.framework/Versions/A/Frameworks/DictionaryServices.framework/Versions/A/DictionaryServices
0x00007fff304de000 	/System/Library/Frameworks/CoreServices.framework/Versions/A/Frameworks/SharedFileList.framework/Versions/A/SharedFileList
0x00007fff34675000 	/System/Library/Frameworks/NetFS.framework/Versions/A/NetFS
0x00007fff4ae5a000 	/System/Library/PrivateFrameworks/NetAuth.framework/Versions/A/NetAuth
0x00007fff546c2000 	/System/Library/PrivateFrameworks/login.framework/Versions/A/Frameworks/loginsupport.framework/Versions/A/loginsupport
0x00007fff52a8b000 	/System/Library/PrivateFrameworks/TCC.framework/Versions/A/TCC
0x00007fff55e1b000 	/usr/lib/libmecabra.dylib
0x00007fff2d137000 	/System/Library/Frameworks/ApplicationServices.framework/Versions/A/Frameworks/ATS.framework/Versions/A/ATS
0x00007fff2d4e5000 	/System/Library/Frameworks/ApplicationServices.framework/Versions/A/Frameworks/ColorSyncLegacy.framework/Versions/A/ColorSyncLegacy
0x00007fff2d589000 	/System/Library/Frameworks/ApplicationServices.framework/Versions/A/Frameworks/HIServices.framework/Versions/A/HIServices
0x00007fff2d5dc000 	/System/Library/Frameworks/ApplicationServices.framework/Versions/A/Frameworks/LangAnalysis.framework/Versions/A/LangAnalysis
0x00007fff2d5eb000 	/System/Library/Frameworks/ApplicationServices.framework/Versions/A/Frameworks/PrintCore.framework/Versions/A/PrintCore
0x00007fff2d638000 	/System/Library/Frameworks/ApplicationServices.framework/Versions/A/Frameworks/QD.framework/Versions/A/QD
0x00007fff2d673000 	/System/Library/Frameworks/ApplicationServices.framework/Versions/A/Frameworks/SpeechSynthesis.framework/Versions/A/SpeechSynthesis
0x00007fff2ebc1000 	/System/Library/Frameworks/CoreDisplay.framework/Versions/A/CoreDisplay
0x00007fff2b239000 	/System/Library/Frameworks/Accelerate.framework/Versions/A/Frameworks/vImage.framework/Versions/A/vImage
0x00007fff2bf93000 	/System/Library/Frameworks/Accelerate.framework/Versions/A/Frameworks/vecLib.framework/Versions/A/vecLib
0x00007fff2bd33000 	/System/Library/Frameworks/Accelerate.framework/Versions/A/Frameworks/vecLib.framework/Versions/A/libvDSP.dylib
0x00007fff2b893000 	/System/Library/Frameworks/Accelerate.framework/Versions/A/Frameworks/vecLib.framework/Versions/A/libBNNS.dylib
0x00007fff2bc98000 	/System/Library/Frameworks/Accelerate.framework/Versions/A/Frameworks/vecLib.framework/Versions/A/libQuadrature.dylib
0x00007fff2bee1000 	/System/Library/Frameworks/Accelerate.framework/Versions/A/Frameworks/vecLib.framework/Versions/A/libvMisc.dylib
0x00007fff2b8c2000 	/System/Library/Frameworks/Accelerate.framework/Versions/A/Frameworks/vecLib.framework/Versions/A/libLAPACK.dylib
0x00007fff2b738000 	/System/Library/Frameworks/Accelerate.framework/Versions/A/Frameworks/vecLib.framework/Versions/A/libBLAS.dylib
0x00007fff2bc82000 	/System/Library/Frameworks/Accelerate.framework/Versions/A/Frameworks/vecLib.framework/Versions/A/libLinearAlgebra.dylib
0x00007fff2bc9e000 	/System/Library/Frameworks/Accelerate.framework/Versions/A/Frameworks/vecLib.framework/Versions/A/libSparse.dylib
0x00007fff2bd1f000 	/System/Library/Frameworks/Accelerate.framework/Versions/A/Frameworks/vecLib.framework/Versions/A/libSparseBLAS.dylib
0x00007fff47cf4000 	/System/Library/PrivateFrameworks/GPUWrangler.framework/Versions/A/GPUWrangler
0x00007fff49471000 	/System/Library/PrivateFrameworks/IOAccelerator.framework/Versions/A/IOAccelerator
0x00007fff4947c000 	/System/Library/PrivateFrameworks/IOPresentment.framework/Versions/A/IOPresentment
0x00007fff4352d000 	/System/Library/PrivateFrameworks/DSExternalDisplay.framework/Versions/A/DSExternalDisplay
0x00007fff3866c000 	/System/Library/Frameworks/OpenGL.framework/Versions/A/Libraries/libCoreFSCache.dylib
0x00007fff308f4000 	/System/Library/Frameworks/CoreVideo.framework/Versions/A/CoreVideo
0x00007fff48a6f000 	/System/Library/PrivateFrameworks/GraphVisualizer.framework/Versions/A/GraphVisualizer
0x00007fff33676000 	/System/Library/Frameworks/MetalPerformanceShaders.framework/Versions/A/MetalPerformanceShaders
0x00007fff54a27000 	/usr/lib/libFosl_dynamic.dylib
0x00007fff445fe000 	/System/Library/PrivateFrameworks/FaceCore.framework/Versions/A/FaceCore
0x00007fff37473000 	/System/Library/Frameworks/OpenCL.framework/Versions/A/OpenCL
0x00007fff55028000 	/usr/lib/libcompression.dylib
0x00007fff2d236000 	/System/Library/Frameworks/ApplicationServices.framework/Versions/A/Frameworks/ATS.framework/Versions/A/Resources/libFontParser.dylib
0x00007fff2d359000 	/System/Library/Frameworks/ApplicationServices.framework/Versions/A/Frameworks/ATS.framework/Versions/A/Resources/libFontRegistry.dylib
0x00007fff31839000 	/System/Library/Frameworks/ImageIO.framework/Versions/A/Resources/libJPEG.dylib
0x00007fff31b62000 	/System/Library/Frameworks/ImageIO.framework/Versions/A/Resources/libTIFF.dylib
0x00007fff31b38000 	/System/Library/Frameworks/ImageIO.framework/Versions/A/Resources/libPng.dylib
0x00007fff3174c000 	/System/Library/Frameworks/ImageIO.framework/Versions/A/Resources/libGIF.dylib
0x00007fff31751000 	/System/Library/Frameworks/ImageIO.framework/Versions/A/Resources/libJP2.dylib
0x00007fff31b5f000 	/System/Library/Frameworks/ImageIO.framework/Versions/A/Resources/libRadiance.dylib
0x00007fff3efe3000 	/System/Library/PrivateFrameworks/AppleJPEG.framework/Versions/A/AppleJPEG
0x00007fff334dd000 	/System/Library/Frameworks/MetalPerformanceShaders.framework/Frameworks/MPSCore.framework/Versions/A/MPSCore
0x00007fff334f9000 	/System/Library/Frameworks/MetalPerformanceShaders.framework/Frameworks/MPSImage.framework/Versions/A/MPSImage
0x00007fff3358e000 	/System/Library/Frameworks/MetalPerformanceShaders.framework/Frameworks/MPSNeuralNetwork.framework/Versions/A/MPSNeuralNetwork
0x00007fff33569000 	/System/Library/Frameworks/MetalPerformanceShaders.framework/Frameworks/MPSMatrix.framework/Versions/A/MPSMatrix
0x00007fff4a93f000 	/System/Library/PrivateFrameworks/MetalTools.framework/Versions/A/MetalTools
0x00007fff38836000 	/System/Library/Frameworks/OpenGL.framework/Versions/A/Libraries/libGLU.dylib
0x00007fff38677000 	/System/Library/Frameworks/OpenGL.framework/Versions/A/Libraries/libGFXShared.dylib
0x00007fff38681000 	/System/Library/Frameworks/OpenGL.framework/Versions/A/Libraries/libGL.dylib
0x00007fff3868d000 	/System/Library/Frameworks/OpenGL.framework/Versions/A/Libraries/libGLImage.dylib
0x00007fff38669000 	/System/Library/Frameworks/OpenGL.framework/Versions/A/Libraries/libCVMSPluginSupport.dylib
0x00007fff38672000 	/System/Library/Frameworks/OpenGL.framework/Versions/A/Libraries/libCoreVMClient.dylib
0x00007fff557d4000 	/usr/lib/libcups.2.dylib
0x00007fff32a4c000 	/System/Library/Frameworks/Kerberos.framework/Versions/A/Kerberos
0x00007fff31231000 	/System/Library/Frameworks/GSS.framework/Versions/A/GSS
0x00007fff568cf000 	/usr/lib/libresolv.9.dylib
0x00007fff559d2000 	/usr/lib/libiconv.2.dylib
0x00007fff48b01000 	/System/Library/PrivateFrameworks/Heimdal.framework/Versions/A/Heimdal
0x00007fff559a1000 	/usr/lib/libheimdal-asn1.dylib
0x00007fff374df000 	/System/Library/Frameworks/OpenDirectory.framework/Versions/A/OpenDirectory
0x00007fff412f3000 	/System/Library/PrivateFrameworks/CommonAuth.framework/Versions/A/CommonAuth
0x00007fff374c2000 	/System/Library/Frameworks/OpenDirectory.framework/Versions/A/Frameworks/CFOpenDirectory.framework/Versions/A/CFOpenDirectory
0x00007fff3adf2000 	/System/Library/Frameworks/SecurityFoundation.framework/Versions/A/SecurityFoundation
0x00007fff3e1ba000 	/System/Library/PrivateFrameworks/APFS.framework/Versions/A/APFS
0x00007fff56d04000 	/usr/lib/libutil.dylib
0x00007fff3f066000 	/System/Library/PrivateFrameworks/AppleSauce.framework/Versions/A/AppleSauce
0x00007fff49c59000 	/System/Library/PrivateFrameworks/LinguisticData.framework/Versions/A/LinguisticData
0x00007fff55d54000 	/usr/lib/libmarisa.dylib
0x00007fff49c13000 	/System/Library/PrivateFrameworks/Lexicon.framework/Versions/A/Lexicon
0x00007fff54952000 	/usr/lib/libChineseTokenizer.dylib
0x00007fff55017000 	/usr/lib/libcmph.dylib
0x00007fff49b1d000 	/System/Library/PrivateFrameworks/LanguageModeling.framework/Versions/A/LanguageModeling
0x00007fff41dff000 	/System/Library/PrivateFrameworks/CoreEmoji.framework/Versions/A/CoreEmoji
0x00007fff3aeb0000 	/System/Library/Frameworks/ServiceManagement.framework/Versions/A/ServiceManagement
0x00007fff3f8ae000 	/System/Library/PrivateFrameworks/BackgroundTaskManagement.framework/Versions/A/BackgroundTaskManagement
0x00007fff56e01000 	/usr/lib/libxslt.1.dylib
0x00007fff2e2f5000 	/System/Library/Frameworks/Carbon.framework/Versions/A/Frameworks/Ink.framework/Versions/A/Ink
0x00007fff52ca0000 	/System/Library/PrivateFrameworks/TextureIO.framework/Versions/A/TextureIO
0x00007fff54e3c000 	/usr/lib/libate.dylib
0x00007fff4348d000 	/System/Library/PrivateFrameworks/CrashReporterSupport.framework/Versions/A/CrashReporterSupport
0x00007fff4fff9000 	/System/Library/PrivateFrameworks/Sharing.framework/Versions/A/Sharing
0x00007fff4985f000 	/System/Library/PrivateFrameworks/IconServices.framework/Versions/A/IconServices
0x00007fff3ee68000 	/System/Library/PrivateFrameworks/Apple80211.framework/Versions/A/Apple80211
0x00007fff432a3000 	/System/Library/PrivateFrameworks/CoreUtils.framework/Versions/A/CoreUtils
0x00007fff3092f000 	/System/Library/Frameworks/CoreWLAN.framework/Versions/A/CoreWLAN
0x00007fff31373000 	/System/Library/Frameworks/IOBluetooth.framework/Versions/A/IOBluetooth
0x00007fff4e4c5000 	/System/Library/PrivateFrameworks/ProtocolBuffer.framework/Versions/A/ProtocolBuffer
0x00007fff43428000 	/System/Library/PrivateFrameworks/CoreWiFi.framework/Versions/A/CoreWiFi
0x00007fff2e840000 	/System/Library/Frameworks/CoreBluetooth.framework/Versions/A/CoreBluetooth
0x00007fff43677000 	/System/Library/PrivateFrameworks/DebugSymbols.framework/Versions/A/DebugSymbols
0x00007fff4305a000 	/System/Library/PrivateFrameworks/CoreSymbolication.framework/Versions/A/CoreSymbolication
0x00007fff52492000 	/System/Library/PrivateFrameworks/Symbolication.framework/Versions/A/Symbolication
0x00007fff3ee92000 	/System/Library/PrivateFrameworks/AppleFSCompression.framework/Versions/A/AppleFSCompression
0x00007fff518e1000 	/System/Library/PrivateFrameworks/SpeechRecognitionCore.framework/Versions/A/SpeechRecognitionCore
0x0000000103200000 	/Library/Java/JavaVirtualMachines/jdk-10.0.1.jdk/Contents/Home/lib/server/libjvm.dylib
0x00007fff56bd1000 	/usr/lib/libstdc++.6.0.9.dylib
0x000000010292a000 	/Library/Java/JavaVirtualMachines/jdk-10.0.1.jdk/Contents/Home/lib/libverify.dylib
0x0000000102937000 	/Library/Java/JavaVirtualMachines/jdk-10.0.1.jdk/Contents/Home/lib/libjava.dylib
0x000000010296e000 	/Library/Java/JavaVirtualMachines/jdk-10.0.1.jdk/Contents/Home/lib/libjdwp.dylib
0x00000001029ab000 	/Library/Java/JavaVirtualMachines/jdk-10.0.1.jdk/Contents/Home/lib/libinstrument.dylib
0x0000000103fe0000 	/Library/Java/JavaVirtualMachines/jdk-10.0.1.jdk/Contents/Home/lib/libzip.dylib
0x0000000103fe8000 	/Library/Java/JavaVirtualMachines/jdk-10.0.1.jdk/Contents/Home/lib/libjimage.dylib
0x0000000110c49000 	/Library/Java/JavaVirtualMachines/jdk-10.0.1.jdk/Contents/Home/lib/libdt_socket.dylib
0x0000000110ccd000 	/Library/Java/JavaVirtualMachines/jdk-10.0.1.jdk/Contents/Home/lib/libnio.dylib
0x0000000110cdd000 	/Library/Java/JavaVirtualMachines/jdk-10.0.1.jdk/Contents/Home/lib/./libnet.dylib


VM Arguments:
jvm_args: -agentlib:jdwp=transport=dt_socket,address=127.0.0.1:59721,suspend=y,server=n -javaagent:/Users/stevehof/Library/Caches/IntelliJIdea2017.3/captureAgent/debugger-agent.jar=/private/var/folders/h4/24tdlsy17x9gvmg88ybhjclw0000gn/T/capture.props -Dfile.encoding=UTF-8 
java_command: aggregate.Aggregate count_distinct grade data/table_of_grades.csv id course_subject course_num
java_class_path (initial): /Users/stevehof/school/comp/CSC_225/assignments/proper_coding/aggregate_assignment/out/production/aggregate_assignment:/Applications/IntelliJ IDEA.app/Contents/lib/idea_rt.jar
Launcher Type: SUN_STANDARD

Logging:
Log output configuration:
#0: stdout all=warning uptime,level,tags
#1: stderr all=off uptime,level,tags

Environment Variables:
PATH=/Users/stevehof/mongodb/mongodb-osx-x86_64-3.6.1/bin:/Users/stevehof/perl5/perlbrew/bin:/Users/stevehof/perl5/perlbrew/perls/perl-5.16.0/bin:/Users/stevehof/anaconda/bin:/Library/Frameworks/Python.framework/Versions/3.6/bin:/usr/local/bin:/usr/bin:/bin:/usr/sbin:/sbin:/Library/TeX/texbin:/opt/X11/bin
SHELL=/bin/bash
DISPLAY=/private/tmp/com.apple.launchd.BfuwB9GHjK/org.macosforge.xquartz:0

Signal Handlers:
SIGSEGV: [libjvm.dylib+0x79ac14], sa_mask[0]=11111111011111110111111111111111, sa_flags=SA_ONSTACK|SA_RESTART|SA_SIGINFO
SIGBUS: [libjvm.dylib+0x79ac14], sa_mask[0]=11111111011111110111111111111111, sa_flags=SA_RESTART|SA_SIGINFO
SIGFPE: [libjvm.dylib+0x79ac14], sa_mask[0]=11111111011111110111111111111111, sa_flags=SA_RESTART|SA_SIGINFO
SIGPIPE: [libjvm.dylib+0x635960], sa_mask[0]=11111111011111110111111111111111, sa_flags=SA_RESTART|SA_SIGINFO
SIGXFSZ: [libjvm.dylib+0x635960], sa_mask[0]=11111111011111110111111111111111, sa_flags=SA_RESTART|SA_SIGINFO
SIGILL: [libjvm.dylib+0x79ac14], sa_mask[0]=11111111011111110111111111111111, sa_flags=SA_RESTART|SA_SIGINFO
SIGUSR2: [libjvm.dylib+0x6361f0], sa_mask[0]=00100000000000000000000000000000, sa_flags=SA_RESTART|SA_SIGINFO
SIGHUP: [libjvm.dylib+0x6349db], sa_mask[0]=11111111011111110111111111111111, sa_flags=SA_RESTART|SA_SIGINFO
SIGINT: [libjvm.dylib+0x6349db], sa_mask[0]=11111111011111110111111111111111, sa_flags=SA_RESTART|SA_SIGINFO
SIGTERM: [libjvm.dylib+0x6349db], sa_mask[0]=11111111011111110111111111111111, sa_flags=SA_RESTART|SA_SIGINFO
SIGQUIT: [libjvm.dylib+0x6349db], sa_mask[0]=11111111011111110111111111111111, sa_flags=SA_RESTART|SA_SIGINFO


---------------  S Y S T E M  ---------------

OS:uname:Darwin 17.5.0 Darwin Kernel Version 17.5.0: Mon Mar  5 22:24:32 PST 2018; root:xnu-4570.51.1~1/RELEASE_X86_64 x86_64
rlimit: STACK 8192k, CORE 0k, NPROC 709, NOFILE 10240, AS infinity, DATA infinity, FSIZE infinity
load average:1.94 2.21 2.52

CPU:total 4 (initial active 4) (2 cores per cpu, 2 threads per core) family 6 model 61 stepping 4, cmov, cx8, fxsr, mmx, sse, sse2, sse3, ssse3, sse4.1, sse4.2, popcnt, avx, avx2, aes, clmul, erms, 3dnowpref, lzcnt, ht, tsc, tscinvbit, bmi1, bmi2, adx, fma

Memory: 4k page, physical 8388608k(351200k free)

vm_info: Java HotSpot(TM) 64-Bit Server VM (10.0.1+10) for bsd-amd64 JRE (10.0.1+10), built on Mar 27 2018 01:13:17 by "mach5one" with gcc 4.2.1 Compatible Apple LLVM 6.1.0 (clang-602.0.49)

END.
